<?xml version="1.0" encoding="UTF-8"?>
<testng-results ignored="0" total="1" passed="1" failed="0" skipped="0">
  <reporter-output>
  </reporter-output>
  <suite started-at="2020-05-03T18:45:18 IST" name="Default suite" finished-at="2020-05-03T18:50:22 IST" duration-ms="303835">
    <groups>
    </groups>
    <test started-at="2020-05-03T18:45:18 IST" name="Default test" finished-at="2020-05-03T18:50:22 IST" duration-ms="303835">
      <class name="Locatorexample.Locatorstest">
        <test-method signature="LDtest()[pri:0, instance:Locatorexample.Locatorstest@add0edd]" started-at="2020-05-03T18:45:18 IST" name="LDtest" finished-at="2020-05-03T18:50:21 IST" duration-ms="303671" status="PASS">
          <reporter-output>
          </reporter-output>
        </test-method> <!-- LDtest -->
      </class> <!-- Locatorexample.Locatorstest -->
    </test> <!-- Default test -->
  </suite> <!-- Default suite -->
</testng-results>
